<?xml version="1.0" encoding="UTF-8"?>
<!-- Generated by org.testng.reporters.JUnitReportReporter -->
<testsuite hostname="MAGIZHAN" failures="0" tests="1" name="com.gamesforthebrain.FiveLegalMoves" time="10.957" errors="0" timestamp="2023-09-04T20:05:54 IST" skipped="0">
  <testcase classname="com.gamesforthebrain.FiveLegalMoves" name="performFiveMoves" time="10.957"/>
  <system-out/>
</testsuite> <!-- com.gamesforthebrain.FiveLegalMoves -->
